[2021-01-04 12:27:07.280] [exthost] [info] extension host started
[2021-01-04 12:27:07.301] [exthost] [info] ExtensionService#_doActivateExtension vscode.debug-auto-launch {"startup":true,"extensionId":{"value":"vscode.debug-auto-launch","_lower":"vscode.debug-auto-launch"},"activationEvent":"*"}
[2021-01-04 12:27:07.301] [exthost] [info] ExtensionService#loadCommonJSModule file:///usr/lib/code/extensions/debug-auto-launch/dist/extension
[2021-01-04 12:27:07.304] [exthost] [info] ExtensionService#_doActivateExtension vscode.emmet {"startup":true,"extensionId":{"value":"vscode.emmet","_lower":"vscode.emmet"},"activationEvent":"*"}
[2021-01-04 12:27:07.304] [exthost] [info] ExtensionService#loadCommonJSModule file:///usr/lib/code/extensions/emmet/dist/node/emmetNodeMain
[2021-01-04 12:27:07.315] [exthost] [info] ExtensionService#_doActivateExtension vscode.git {"startup":true,"extensionId":{"value":"vscode.github","_lower":"vscode.github"},"activationEvent":"*"}
[2021-01-04 12:27:07.315] [exthost] [info] ExtensionService#loadCommonJSModule file:///usr/lib/code/extensions/git/dist/main
[2021-01-04 12:27:07.335] [exthost] [info] ExtensionService#_doActivateExtension vscode.merge-conflict {"startup":true,"extensionId":{"value":"vscode.merge-conflict","_lower":"vscode.merge-conflict"},"activationEvent":"*"}
[2021-01-04 12:27:07.335] [exthost] [info] ExtensionService#loadCommonJSModule file:///usr/lib/code/extensions/merge-conflict/dist/mergeConflictMain
[2021-01-04 12:27:07.337] [exthost] [info] ExtensionService#_doActivateExtension vscode.search-result {"startup":true,"extensionId":{"value":"vscode.search-result","_lower":"vscode.search-result"},"activationEvent":"*"}
[2021-01-04 12:27:07.338] [exthost] [info] ExtensionService#loadCommonJSModule file:///usr/lib/code/extensions/search-result/dist/extension.js
[2021-01-04 12:27:07.339] [exthost] [info] ExtensionService#_doActivateExtension cweijan.cweijan-personal-material-icon-theme {"startup":true,"extensionId":{"value":"cweijan.cweijan-personal-material-icon-theme","_lower":"cweijan.cweijan-personal-material-icon-theme"},"activationEvent":"*"}
[2021-01-04 12:27:07.339] [exthost] [info] ExtensionService#loadCommonJSModule file:///home/luckytuvshee/.vscode-oss/extensions/cweijan.cweijan-personal-material-icon-theme-5.0.0/dist/extension
[2021-01-04 12:27:07.344] [exthost] [info] ExtensionService#_doActivateExtension vscode.npm {"startup":true,"extensionId":{"value":"vscode.npm","_lower":"vscode.npm"},"activationEvent":"workspaceContains:package.json"}
[2021-01-04 12:27:07.344] [exthost] [info] ExtensionService#loadCommonJSModule file:///usr/lib/code/extensions/npm/dist/npmMain
[2021-01-04 12:27:07.426] [exthost] [info] ExtensionService#_doActivateExtension vscode.github {"startup":true,"extensionId":{"value":"vscode.github","_lower":"vscode.github"},"activationEvent":"*"}
[2021-01-04 12:27:07.426] [exthost] [info] ExtensionService#loadCommonJSModule file:///usr/lib/code/extensions/github/dist/extension.js
[2021-01-04 12:27:07.454] [exthost] [info] ExtensionService#_doActivateExtension ms-vscode.js-debug {"startup":false,"extensionId":{"value":"ms-vscode.js-debug","_lower":"ms-vscode.js-debug"},"activationEvent":"onCommand:extension.js-debug.clearAutoAttachVariables"}
[2021-01-04 12:27:07.454] [exthost] [info] ExtensionService#loadCommonJSModule file:///usr/lib/code/extensions/ms-vscode.js-debug/src/extension.js
[2021-01-04 12:27:07.526] [exthost] [info] eager extensions activated
[2021-01-04 12:55:57.819] [exthost] [info] ExtensionService#_doActivateExtension vscode.typescript-language-features {"startup":false,"extensionId":{"value":"vscode.typescript-language-features","_lower":"vscode.typescript-language-features"},"activationEvent":"onLanguage:typescriptreact"}
[2021-01-04 12:55:57.819] [exthost] [info] ExtensionService#loadCommonJSModule file:///usr/lib/code/extensions/typescript-language-features/dist/extension
[2021-01-04 12:56:09.403] [exthost] [info] ExtensionService#_doActivateExtension vscode.configuration-editing {"startup":false,"extensionId":{"value":"vscode.configuration-editing","_lower":"vscode.configuration-editing"},"activationEvent":"onLanguage:jsonc"}
[2021-01-04 12:56:09.403] [exthost] [info] ExtensionService#loadCommonJSModule file:///usr/lib/code/extensions/configuration-editing/dist/configurationEditingMain
[2021-01-04 12:56:09.405] [exthost] [info] ExtensionService#_doActivateExtension vscode.json-language-features {"startup":false,"extensionId":{"value":"vscode.json-language-features","_lower":"vscode.json-language-features"},"activationEvent":"onLanguage:jsonc"}
[2021-01-04 12:56:09.405] [exthost] [info] ExtensionService#loadCommonJSModule file:///usr/lib/code/extensions/json-language-features/client/dist/node/jsonClientMain
[2021-01-04 12:56:12.116] [exthost] [info] ExtensionService#_doActivateExtension vscode.extension-editing {"startup":false,"extensionId":{"value":"vscode.extension-editing","_lower":"vscode.extension-editing"},"activationEvent":"onLanguage:typescript"}
[2021-01-04 12:56:12.116] [exthost] [info] ExtensionService#loadCommonJSModule file:///usr/lib/code/extensions/extension-editing/dist/extensionEditingMain
[2021-01-04 13:04:13.494] [exthost] [info] ExtensionService#_doActivateExtension esbenp.prettier-vscode {"startup":false,"extensionId":{"value":"esbenp.prettier-vscode","_lower":"esbenp.prettier-vscode"},"activationEvent":"onStartupFinished"}
[2021-01-04 13:04:13.495] [exthost] [info] ExtensionService#loadCommonJSModule file:///home/luckytuvshee/.vscode-oss/extensions/esbenp.prettier-vscode-5.8.0/dist/extension
[2021-01-04 13:11:53.163] [exthost] [error] [vscode.typescript-language-features] provider FAILED
[2021-01-04 13:11:53.166] [exthost] [error] Error: DisposableStore is missing...
	at H._convertCompletionItem (/usr/lib/code/out/vs/workbench/services/extensions/node/extensionHostProcess.js:765:55)
	at H.resolveCompletionItem (/usr/lib/code/out/vs/workbench/services/extensions/node/extensionHostProcess.js:764:813)
	at runMicrotasks (<anonymous>)
	at processTicksAndRejections (internal/process/task_queues.js:94:5)
[2021-01-04 13:18:50.644] [exthost] [error] [vscode.typescript-language-features] provider FAILED
[2021-01-04 13:18:50.644] [exthost] [error] Error: DisposableStore is missing...
	at H._convertCompletionItem (/usr/lib/code/out/vs/workbench/services/extensions/node/extensionHostProcess.js:765:55)
	at H.resolveCompletionItem (/usr/lib/code/out/vs/workbench/services/extensions/node/extensionHostProcess.js:764:813)
	at processTicksAndRejections (internal/process/task_queues.js:94:5)
[2021-01-04 13:28:27.030] [exthost] [error] [vscode.typescript-language-features] provider FAILED
[2021-01-04 13:28:27.031] [exthost] [error] Error: DisposableStore is missing...
	at H._convertCompletionItem (/usr/lib/code/out/vs/workbench/services/extensions/node/extensionHostProcess.js:765:55)
	at H.resolveCompletionItem (/usr/lib/code/out/vs/workbench/services/extensions/node/extensionHostProcess.js:764:813)
	at runMicrotasks (<anonymous>)
	at processTicksAndRejections (internal/process/task_queues.js:94:5)
[2021-01-04 13:29:25.674] [exthost] [error] [vscode.typescript-language-features] provider FAILED
[2021-01-04 13:29:25.674] [exthost] [error] Error: DisposableStore is missing...
	at H._convertCompletionItem (/usr/lib/code/out/vs/workbench/services/extensions/node/extensionHostProcess.js:765:55)
	at H.resolveCompletionItem (/usr/lib/code/out/vs/workbench/services/extensions/node/extensionHostProcess.js:764:813)
	at runMicrotasks (<anonymous>)
	at processTicksAndRejections (internal/process/task_queues.js:94:5)
[2021-01-04 13:29:40.043] [exthost] [error] [vscode.typescript-language-features] provider FAILED
[2021-01-04 13:29:40.043] [exthost] [error] Error: DisposableStore is missing...
	at H._convertCompletionItem (/usr/lib/code/out/vs/workbench/services/extensions/node/extensionHostProcess.js:765:55)
	at H.resolveCompletionItem (/usr/lib/code/out/vs/workbench/services/extensions/node/extensionHostProcess.js:764:813)
	at runMicrotasks (<anonymous>)
	at processTicksAndRejections (internal/process/task_queues.js:94:5)
[2021-01-04 13:30:30.420] [exthost] [error] [vscode.typescript-language-features] provider FAILED
[2021-01-04 13:30:30.421] [exthost] [error] Error: DisposableStore is missing...
	at H._convertCompletionItem (/usr/lib/code/out/vs/workbench/services/extensions/node/extensionHostProcess.js:765:55)
	at H.resolveCompletionItem (/usr/lib/code/out/vs/workbench/services/extensions/node/extensionHostProcess.js:764:813)
	at runMicrotasks (<anonymous>)
	at processTicksAndRejections (internal/process/task_queues.js:94:5)
[2021-01-04 13:30:39.734] [exthost] [error] [vscode.typescript-language-features] provider FAILED
[2021-01-04 13:30:39.734] [exthost] [error] Error: DisposableStore is missing...
	at H._convertCompletionItem (/usr/lib/code/out/vs/workbench/services/extensions/node/extensionHostProcess.js:765:55)
	at H.resolveCompletionItem (/usr/lib/code/out/vs/workbench/services/extensions/node/extensionHostProcess.js:764:813)
	at runMicrotasks (<anonymous>)
	at processTicksAndRejections (internal/process/task_queues.js:94:5)
[2021-01-04 13:30:45.687] [exthost] [error] [vscode.typescript-language-features] provider FAILED
[2021-01-04 13:30:45.687] [exthost] [error] Error: DisposableStore is missing...
	at H._convertCompletionItem (/usr/lib/code/out/vs/workbench/services/extensions/node/extensionHostProcess.js:765:55)
	at H.resolveCompletionItem (/usr/lib/code/out/vs/workbench/services/extensions/node/extensionHostProcess.js:764:813)
	at runMicrotasks (<anonymous>)
	at processTicksAndRejections (internal/process/task_queues.js:94:5)
[2021-01-04 13:30:55.310] [exthost] [error] [vscode.typescript-language-features] provider FAILED
[2021-01-04 13:30:55.310] [exthost] [error] Error: DisposableStore is missing...
	at H._convertCompletionItem (/usr/lib/code/out/vs/workbench/services/extensions/node/extensionHostProcess.js:765:55)
	at H.resolveCompletionItem (/usr/lib/code/out/vs/workbench/services/extensions/node/extensionHostProcess.js:764:813)
	at runMicrotasks (<anonymous>)
	at processTicksAndRejections (internal/process/task_queues.js:94:5)
[2021-01-04 13:31:34.381] [exthost] [error] [vscode.typescript-language-features] provider FAILED
[2021-01-04 13:31:34.382] [exthost] [error] Error: DisposableStore is missing...
	at H._convertCompletionItem (/usr/lib/code/out/vs/workbench/services/extensions/node/extensionHostProcess.js:765:55)
	at H.resolveCompletionItem (/usr/lib/code/out/vs/workbench/services/extensions/node/extensionHostProcess.js:764:813)
	at runMicrotasks (<anonymous>)
	at processTicksAndRejections (internal/process/task_queues.js:94:5)
[2021-01-04 13:31:56.239] [exthost] [error] [vscode.typescript-language-features] provider FAILED
[2021-01-04 13:31:56.239] [exthost] [error] Error: DisposableStore is missing...
	at H._convertCompletionItem (/usr/lib/code/out/vs/workbench/services/extensions/node/extensionHostProcess.js:765:55)
	at H.resolveCompletionItem (/usr/lib/code/out/vs/workbench/services/extensions/node/extensionHostProcess.js:764:813)
	at runMicrotasks (<anonymous>)
	at processTicksAndRejections (internal/process/task_queues.js:94:5)
[2021-01-04 13:42:22.393] [exthost] [error] [vscode.typescript-language-features] provider FAILED
[2021-01-04 13:42:22.394] [exthost] [error] Error: DisposableStore is missing...
	at H._convertCompletionItem (/usr/lib/code/out/vs/workbench/services/extensions/node/extensionHostProcess.js:765:55)
	at H.resolveCompletionItem (/usr/lib/code/out/vs/workbench/services/extensions/node/extensionHostProcess.js:764:813)
	at runMicrotasks (<anonymous>)
	at processTicksAndRejections (internal/process/task_queues.js:94:5)
[2021-01-04 13:42:57.485] [exthost] [error] [vscode.typescript-language-features] provider FAILED
[2021-01-04 13:42:57.485] [exthost] [error] Error: DisposableStore is missing...
	at H._convertCompletionItem (/usr/lib/code/out/vs/workbench/services/extensions/node/extensionHostProcess.js:765:55)
	at H.resolveCompletionItem (/usr/lib/code/out/vs/workbench/services/extensions/node/extensionHostProcess.js:764:813)
	at processTicksAndRejections (internal/process/task_queues.js:94:5)
[2021-01-04 13:43:10.738] [exthost] [error] [vscode.typescript-language-features] provider FAILED
[2021-01-04 13:43:10.738] [exthost] [error] Error: DisposableStore is missing...
	at H._convertCompletionItem (/usr/lib/code/out/vs/workbench/services/extensions/node/extensionHostProcess.js:765:55)
	at H.resolveCompletionItem (/usr/lib/code/out/vs/workbench/services/extensions/node/extensionHostProcess.js:764:813)
	at processTicksAndRejections (internal/process/task_queues.js:94:5)
[2021-01-04 13:54:27.768] [exthost] [error] [vscode.typescript-language-features] provider FAILED
[2021-01-04 13:54:27.769] [exthost] [error] Error: DisposableStore is missing...
	at H._convertCompletionItem (/usr/lib/code/out/vs/workbench/services/extensions/node/extensionHostProcess.js:765:55)
	at H.resolveCompletionItem (/usr/lib/code/out/vs/workbench/services/extensions/node/extensionHostProcess.js:764:813)
	at runMicrotasks (<anonymous>)
	at processTicksAndRejections (internal/process/task_queues.js:94:5)
[2021-01-04 13:54:47.658] [exthost] [error] [vscode.typescript-language-features] provider FAILED
[2021-01-04 13:54:47.658] [exthost] [error] Error: DisposableStore is missing...
	at H._convertCompletionItem (/usr/lib/code/out/vs/workbench/services/extensions/node/extensionHostProcess.js:765:55)
	at H.resolveCompletionItem (/usr/lib/code/out/vs/workbench/services/extensions/node/extensionHostProcess.js:764:813)
	at runMicrotasks (<anonymous>)
	at processTicksAndRejections (internal/process/task_queues.js:94:5)
[2021-01-04 13:55:30.926] [exthost] [error] [vscode.typescript-language-features] provider FAILED
[2021-01-04 13:55:30.927] [exthost] [error] Error: DisposableStore is missing...
	at H._convertCompletionItem (/usr/lib/code/out/vs/workbench/services/extensions/node/extensionHostProcess.js:765:55)
	at H.resolveCompletionItem (/usr/lib/code/out/vs/workbench/services/extensions/node/extensionHostProcess.js:764:813)
	at runMicrotasks (<anonymous>)
	at processTicksAndRejections (internal/process/task_queues.js:94:5)
[2021-01-04 13:56:11.065] [exthost] [error] [vscode.typescript-language-features] provider FAILED
[2021-01-04 13:56:11.069] [exthost] [error] Error: DisposableStore is missing...
	at H._convertCompletionItem (/usr/lib/code/out/vs/workbench/services/extensions/node/extensionHostProcess.js:765:55)
	at H.resolveCompletionItem (/usr/lib/code/out/vs/workbench/services/extensions/node/extensionHostProcess.js:764:813)
	at processTicksAndRejections (internal/process/task_queues.js:94:5)
[2021-01-04 13:56:14.797] [exthost] [error] [vscode.typescript-language-features] provider FAILED
[2021-01-04 13:56:14.797] [exthost] [error] Error: DisposableStore is missing...
	at H._convertCompletionItem (/usr/lib/code/out/vs/workbench/services/extensions/node/extensionHostProcess.js:765:55)
	at H.resolveCompletionItem (/usr/lib/code/out/vs/workbench/services/extensions/node/extensionHostProcess.js:764:813)
	at processTicksAndRejections (internal/process/task_queues.js:94:5)
[2021-01-04 13:56:22.766] [exthost] [error] [vscode.typescript-language-features] provider FAILED
[2021-01-04 13:56:22.766] [exthost] [error] Error: DisposableStore is missing...
	at H._convertCompletionItem (/usr/lib/code/out/vs/workbench/services/extensions/node/extensionHostProcess.js:765:55)
	at H.resolveCompletionItem (/usr/lib/code/out/vs/workbench/services/extensions/node/extensionHostProcess.js:764:813)
	at processTicksAndRejections (internal/process/task_queues.js:94:5)
[2021-01-04 13:56:54.281] [exthost] [error] [vscode.typescript-language-features] provider FAILED
[2021-01-04 13:56:54.283] [exthost] [error] Error: DisposableStore is missing...
	at H._convertCompletionItem (/usr/lib/code/out/vs/workbench/services/extensions/node/extensionHostProcess.js:765:55)
	at H.resolveCompletionItem (/usr/lib/code/out/vs/workbench/services/extensions/node/extensionHostProcess.js:764:813)
	at runMicrotasks (<anonymous>)
	at processTicksAndRejections (internal/process/task_queues.js:94:5)
[2021-01-04 13:58:03.635] [exthost] [error] [vscode.typescript-language-features] provider FAILED
[2021-01-04 13:58:03.635] [exthost] [error] Error: DisposableStore is missing...
	at H._convertCompletionItem (/usr/lib/code/out/vs/workbench/services/extensions/node/extensionHostProcess.js:765:55)
	at H.resolveCompletionItem (/usr/lib/code/out/vs/workbench/services/extensions/node/extensionHostProcess.js:764:813)
	at runMicrotasks (<anonymous>)
	at processTicksAndRejections (internal/process/task_queues.js:94:5)
[2021-01-04 13:59:07.921] [exthost] [error] [vscode.typescript-language-features] provider FAILED
[2021-01-04 13:59:07.921] [exthost] [error] Error: DisposableStore is missing...
	at H._convertCompletionItem (/usr/lib/code/out/vs/workbench/services/extensions/node/extensionHostProcess.js:765:55)
	at H.resolveCompletionItem (/usr/lib/code/out/vs/workbench/services/extensions/node/extensionHostProcess.js:764:813)
	at runMicrotasks (<anonymous>)
	at processTicksAndRejections (internal/process/task_queues.js:94:5)
