["INFO" - 12:55:02 PM] Extension Name: esbenp.prettier-vscode.
["INFO" - 12:55:02 PM] Extension Version: 5.8.0.
["INFO" - 12:55:02 PM] Enabling prettier for languages: ansible, css, graphql, home-assistant, html, javascript, javascriptreact, json, json5, jsonc, less, markdown, mdx, mongo, postcss, scss, typescript, typescriptreact, vue, yaml
["INFO" - 12:55:02 PM] Enabling prettier for file extensions: .JSON-tmLanguage, ._js, .avsc, .bones, .cjs, .component.html, .css, .es, .es6, .frag, .geojson, .gltf, .gql, .graphql, .graphqls, .gs, .har, .htm, .html, .html.hl, .ice, .inc, .jake, .js, .js.flow, .jsb, .jscad, .jsfl, .jsm, .json, .json5, .jsonc, .jss, .jsx, .less, .markdown, .mcmeta, .md, .mdown, .mdwn, .mdx, .mir, .mjml, .mjs, .mkd, .mkdn, .mkdown, .njs, .pac, .pcss, .postcss, .reek, .ronn, .rviz, .scss, .sjs, .ssjs, .st, .sublime-build, .sublime-commands, .sublime-completions, .sublime-keymap, .sublime-macro, .sublime-menu, .sublime-mousemap, .sublime-project, .sublime-settings, .sublime-syntax, .sublime-theme, .sublime-workspace, .sublime_metrics, .sublime_session, .syntax, .tfstate, .tfstate.backup, .topojson, .ts, .tsx, .vue, .webapp, .webmanifest, .workbook, .wxs, .wxss, .xht, .xhtml, .xsjs, .xsjslib, .yaml, .yaml-tmlanguage, .yaml.sed, .yml, .yml.mysql, .yy, .yyp
["INFO" - 12:55:02 PM] Enabling prettier for range supported languages: graphql, javascript, javascriptreact, json, typescript, typescriptreact
["INFO" - 12:59:53 PM] Formatting /home/luckytuvshee/programming/serverless/photobook/photobook_client/src/components/photobook/editor/editor-panel/toolbar/ImageToolbar.tsx
["INFO" - 12:59:53 PM] Using ignore file (if present) at /home/luckytuvshee/programming/serverless/photobook/photobook_client/.prettierignore
["INFO" - 12:59:53 PM] Using bundled version of prettier.
["INFO" - 12:59:53 PM] File Info:
{
  "ignored": false,
  "inferredParser": "typescript"
}
["INFO" - 12:59:53 PM] No local configuration (i.e. .prettierrc or .editorconfig) detected, falling back to VS Code configuration
["INFO" - 12:59:53 PM] Prettier Options:
{
  "arrowParens": "always",
  "bracketSpacing": true,
  "endOfLine": "lf",
  "htmlWhitespaceSensitivity": "css",
  "insertPragma": false,
  "jsxBracketSameLine": false,
  "jsxSingleQuote": false,
  "printWidth": 80,
  "proseWrap": "preserve",
  "quoteProps": "as-needed",
  "requirePragma": false,
  "semi": true,
  "singleQuote": false,
  "tabWidth": 2,
  "trailingComma": "es5",
  "useTabs": false,
  "vueIndentScriptAndStyle": false,
  "filepath": "/home/luckytuvshee/programming/serverless/photobook/photobook_client/src/components/photobook/editor/editor-panel/toolbar/ImageToolbar.tsx",
  "parser": "typescript"
}
["INFO" - 12:59:54 PM] Formatting completed in 270.691206ms.
["INFO" - 1:00:46 PM] Formatting /home/luckytuvshee/programming/serverless/photobook/photobook_client/src/components/photobook/editor/editor-panel/toolbar/ImageToolbar.tsx
["INFO" - 1:00:46 PM] Using ignore file (if present) at /home/luckytuvshee/programming/serverless/photobook/photobook_client/.prettierignore
["INFO" - 1:00:46 PM] Using bundled version of prettier.
["INFO" - 1:00:46 PM] File Info:
{
  "ignored": false,
  "inferredParser": "typescript"
}
["INFO" - 1:00:46 PM] No local configuration (i.e. .prettierrc or .editorconfig) detected, falling back to VS Code configuration
["INFO" - 1:00:46 PM] Prettier Options:
{
  "arrowParens": "always",
  "bracketSpacing": true,
  "endOfLine": "lf",
  "htmlWhitespaceSensitivity": "css",
  "insertPragma": false,
  "jsxBracketSameLine": false,
  "jsxSingleQuote": false,
  "printWidth": 80,
  "proseWrap": "preserve",
  "quoteProps": "as-needed",
  "requirePragma": false,
  "semi": true,
  "singleQuote": false,
  "tabWidth": 2,
  "trailingComma": "es5",
  "useTabs": false,
  "vueIndentScriptAndStyle": false,
  "filepath": "/home/luckytuvshee/programming/serverless/photobook/photobook_client/src/components/photobook/editor/editor-panel/toolbar/ImageToolbar.tsx",
  "parser": "typescript"
}
["INFO" - 1:00:46 PM] Formatting completed in 55.123332ms.
["INFO" - 1:00:55 PM] Formatting /home/luckytuvshee/programming/serverless/photobook/photobook_client/src/components/photobook/editor/editor-panel/toolbar/ImageToolbar.tsx
["INFO" - 1:00:55 PM] Using ignore file (if present) at /home/luckytuvshee/programming/serverless/photobook/photobook_client/.prettierignore
["INFO" - 1:00:55 PM] Using bundled version of prettier.
["INFO" - 1:00:55 PM] File Info:
{
  "ignored": false,
  "inferredParser": "typescript"
}
["INFO" - 1:00:55 PM] No local configuration (i.e. .prettierrc or .editorconfig) detected, falling back to VS Code configuration
["INFO" - 1:00:55 PM] Prettier Options:
{
  "arrowParens": "always",
  "bracketSpacing": true,
  "endOfLine": "lf",
  "htmlWhitespaceSensitivity": "css",
  "insertPragma": false,
  "jsxBracketSameLine": false,
  "jsxSingleQuote": false,
  "printWidth": 80,
  "proseWrap": "preserve",
  "quoteProps": "as-needed",
  "requirePragma": false,
  "semi": true,
  "singleQuote": false,
  "tabWidth": 2,
  "trailingComma": "es5",
  "useTabs": false,
  "vueIndentScriptAndStyle": false,
  "filepath": "/home/luckytuvshee/programming/serverless/photobook/photobook_client/src/components/photobook/editor/editor-panel/toolbar/ImageToolbar.tsx",
  "parser": "typescript"
}
["INFO" - 1:00:55 PM] Formatting completed in 55.42665ms.
["INFO" - 1:00:56 PM] Formatting /home/luckytuvshee/programming/serverless/photobook/photobook_client/src/components/photobook/editor/editor-panel/toolbar/ImageToolbar.tsx
["INFO" - 1:00:56 PM] Using ignore file (if present) at /home/luckytuvshee/programming/serverless/photobook/photobook_client/.prettierignore
["INFO" - 1:00:56 PM] Using bundled version of prettier.
["INFO" - 1:00:56 PM] File Info:
{
  "ignored": false,
  "inferredParser": "typescript"
}
["INFO" - 1:00:56 PM] No local configuration (i.e. .prettierrc or .editorconfig) detected, falling back to VS Code configuration
["INFO" - 1:00:56 PM] Prettier Options:
{
  "arrowParens": "always",
  "bracketSpacing": true,
  "endOfLine": "lf",
  "htmlWhitespaceSensitivity": "css",
  "insertPragma": false,
  "jsxBracketSameLine": false,
  "jsxSingleQuote": false,
  "printWidth": 80,
  "proseWrap": "preserve",
  "quoteProps": "as-needed",
  "requirePragma": false,
  "semi": true,
  "singleQuote": false,
  "tabWidth": 2,
  "trailingComma": "es5",
  "useTabs": false,
  "vueIndentScriptAndStyle": false,
  "filepath": "/home/luckytuvshee/programming/serverless/photobook/photobook_client/src/components/photobook/editor/editor-panel/toolbar/ImageToolbar.tsx",
  "parser": "typescript"
}
["INFO" - 1:00:56 PM] Formatting completed in 77.143472ms.
["INFO" - 1:01:13 PM] Formatting /home/luckytuvshee/programming/serverless/photobook/photobook_client/src/components/photobook/editor/editor-panel/toolbar/index.tsx
["INFO" - 1:01:13 PM] Using ignore file (if present) at /home/luckytuvshee/programming/serverless/photobook/photobook_client/.prettierignore
["INFO" - 1:01:13 PM] Using bundled version of prettier.
["INFO" - 1:01:13 PM] File Info:
{
  "ignored": false,
  "inferredParser": "typescript"
}
["INFO" - 1:01:13 PM] No local configuration (i.e. .prettierrc or .editorconfig) detected, falling back to VS Code configuration
["INFO" - 1:01:13 PM] Prettier Options:
{
  "arrowParens": "always",
  "bracketSpacing": true,
  "endOfLine": "lf",
  "htmlWhitespaceSensitivity": "css",
  "insertPragma": false,
  "jsxBracketSameLine": false,
  "jsxSingleQuote": false,
  "printWidth": 80,
  "proseWrap": "preserve",
  "quoteProps": "as-needed",
  "requirePragma": false,
  "semi": true,
  "singleQuote": false,
  "tabWidth": 2,
  "trailingComma": "es5",
  "useTabs": false,
  "vueIndentScriptAndStyle": false,
  "filepath": "/home/luckytuvshee/programming/serverless/photobook/photobook_client/src/components/photobook/editor/editor-panel/toolbar/index.tsx",
  "parser": "typescript"
}
["INFO" - 1:01:13 PM] Formatting completed in 86.86808ms.
["INFO" - 1:01:38 PM] Formatting /home/luckytuvshee/programming/serverless/photobook/photobook_client/src/components/photobook/editor/index.tsx
["INFO" - 1:01:38 PM] Using ignore file (if present) at /home/luckytuvshee/programming/serverless/photobook/photobook_client/.prettierignore
["INFO" - 1:01:38 PM] Using bundled version of prettier.
["INFO" - 1:01:38 PM] File Info:
{
  "ignored": false,
  "inferredParser": "typescript"
}
["INFO" - 1:01:38 PM] No local configuration (i.e. .prettierrc or .editorconfig) detected, falling back to VS Code configuration
["INFO" - 1:01:38 PM] Prettier Options:
{
  "arrowParens": "always",
  "bracketSpacing": true,
  "endOfLine": "lf",
  "htmlWhitespaceSensitivity": "css",
  "insertPragma": false,
  "jsxBracketSameLine": false,
  "jsxSingleQuote": false,
  "printWidth": 80,
  "proseWrap": "preserve",
  "quoteProps": "as-needed",
  "requirePragma": false,
  "semi": true,
  "singleQuote": false,
  "tabWidth": 2,
  "trailingComma": "es5",
  "useTabs": false,
  "vueIndentScriptAndStyle": false,
  "filepath": "/home/luckytuvshee/programming/serverless/photobook/photobook_client/src/components/photobook/editor/index.tsx",
  "parser": "typescript"
}
["INFO" - 1:01:39 PM] Formatting completed in 870.270607ms.
["INFO" - 1:04:13 PM] Formatting /home/luckytuvshee/programming/serverless/photobook/photobook_client/src/components/photobook/editor/index.tsx
["INFO" - 1:04:13 PM] Using ignore file (if present) at /home/luckytuvshee/programming/serverless/photobook/photobook_client/.prettierignore
["INFO" - 1:04:13 PM] Using bundled version of prettier.
["INFO" - 1:04:13 PM] File Info:
{
  "ignored": false,
  "inferredParser": "typescript"
}
["INFO" - 1:04:13 PM] No local configuration (i.e. .prettierrc or .editorconfig) detected, falling back to VS Code configuration
["INFO" - 1:04:13 PM] Prettier Options:
{
  "arrowParens": "always",
  "bracketSpacing": true,
  "endOfLine": "lf",
  "htmlWhitespaceSensitivity": "css",
  "insertPragma": false,
  "jsxBracketSameLine": false,
  "jsxSingleQuote": false,
  "printWidth": 80,
  "proseWrap": "preserve",
  "quoteProps": "as-needed",
  "requirePragma": false,
  "semi": true,
  "singleQuote": false,
  "tabWidth": 2,
  "trailingComma": "es5",
  "useTabs": false,
  "vueIndentScriptAndStyle": false,
  "filepath": "/home/luckytuvshee/programming/serverless/photobook/photobook_client/src/components/photobook/editor/index.tsx",
  "parser": "typescript"
}
["INFO" - 1:04:14 PM] Formatting completed in 847.344754ms.
["INFO" - 1:05:10 PM] Formatting /home/luckytuvshee/programming/serverless/photobook/photobook_client/src/components/photobook/editor/index.tsx
["INFO" - 1:05:10 PM] Using ignore file (if present) at /home/luckytuvshee/programming/serverless/photobook/photobook_client/.prettierignore
["INFO" - 1:05:10 PM] Using bundled version of prettier.
["INFO" - 1:05:10 PM] File Info:
{
  "ignored": false,
  "inferredParser": "typescript"
}
["INFO" - 1:05:10 PM] No local configuration (i.e. .prettierrc or .editorconfig) detected, falling back to VS Code configuration
["INFO" - 1:05:10 PM] Prettier Options:
{
  "arrowParens": "always",
  "bracketSpacing": true,
  "endOfLine": "lf",
  "htmlWhitespaceSensitivity": "css",
  "insertPragma": false,
  "jsxBracketSameLine": false,
  "jsxSingleQuote": false,
  "printWidth": 80,
  "proseWrap": "preserve",
  "quoteProps": "as-needed",
  "requirePragma": false,
  "semi": true,
  "singleQuote": false,
  "tabWidth": 2,
  "trailingComma": "es5",
  "useTabs": false,
  "vueIndentScriptAndStyle": false,
  "filepath": "/home/luckytuvshee/programming/serverless/photobook/photobook_client/src/components/photobook/editor/index.tsx",
  "parser": "typescript"
}
["INFO" - 1:05:10 PM] Formatting completed in 589.090008ms.
["INFO" - 1:05:22 PM] Formatting /home/luckytuvshee/programming/serverless/photobook/photobook_client/src/components/photobook/editor/index.tsx
["INFO" - 1:05:22 PM] Using ignore file (if present) at /home/luckytuvshee/programming/serverless/photobook/photobook_client/.prettierignore
["INFO" - 1:05:22 PM] Using bundled version of prettier.
["INFO" - 1:05:22 PM] File Info:
{
  "ignored": false,
  "inferredParser": "typescript"
}
["INFO" - 1:05:22 PM] No local configuration (i.e. .prettierrc or .editorconfig) detected, falling back to VS Code configuration
["INFO" - 1:05:22 PM] Prettier Options:
{
  "arrowParens": "always",
  "bracketSpacing": true,
  "endOfLine": "lf",
  "htmlWhitespaceSensitivity": "css",
  "insertPragma": false,
  "jsxBracketSameLine": false,
  "jsxSingleQuote": false,
  "printWidth": 80,
  "proseWrap": "preserve",
  "quoteProps": "as-needed",
  "requirePragma": false,
  "semi": true,
  "singleQuote": false,
  "tabWidth": 2,
  "trailingComma": "es5",
  "useTabs": false,
  "vueIndentScriptAndStyle": false,
  "filepath": "/home/luckytuvshee/programming/serverless/photobook/photobook_client/src/components/photobook/editor/index.tsx",
  "parser": "typescript"
}
["INFO" - 1:05:22 PM] Formatting completed in 433.4269ms.
["INFO" - 1:05:23 PM] Formatting /home/luckytuvshee/programming/serverless/photobook/photobook_client/src/components/photobook/editor/index.tsx
["INFO" - 1:05:23 PM] Using ignore file (if present) at /home/luckytuvshee/programming/serverless/photobook/photobook_client/.prettierignore
["INFO" - 1:05:23 PM] Using bundled version of prettier.
["INFO" - 1:05:23 PM] File Info:
{
  "ignored": false,
  "inferredParser": "typescript"
}
["INFO" - 1:05:23 PM] No local configuration (i.e. .prettierrc or .editorconfig) detected, falling back to VS Code configuration
["INFO" - 1:05:23 PM] Prettier Options:
{
  "arrowParens": "always",
  "bracketSpacing": true,
  "endOfLine": "lf",
  "htmlWhitespaceSensitivity": "css",
  "insertPragma": false,
  "jsxBracketSameLine": false,
  "jsxSingleQuote": false,
  "printWidth": 80,
  "proseWrap": "preserve",
  "quoteProps": "as-needed",
  "requirePragma": false,
  "semi": true,
  "singleQuote": false,
  "tabWidth": 2,
  "trailingComma": "es5",
  "useTabs": false,
  "vueIndentScriptAndStyle": false,
  "filepath": "/home/luckytuvshee/programming/serverless/photobook/photobook_client/src/components/photobook/editor/index.tsx",
  "parser": "typescript"
}
["INFO" - 1:05:24 PM] Formatting completed in 3.403947ms.
["INFO" - 1:06:16 PM] Formatting /home/luckytuvshee/programming/serverless/photobook/photobook_client/src/components/photobook/editor/styles/slide.scss
["INFO" - 1:06:16 PM] Using ignore file (if present) at /home/luckytuvshee/programming/serverless/photobook/photobook_client/.prettierignore
["INFO" - 1:06:16 PM] Using bundled version of prettier.
["INFO" - 1:06:16 PM] File Info:
{
  "ignored": false,
  "inferredParser": "scss"
}
["INFO" - 1:06:16 PM] No local configuration (i.e. .prettierrc or .editorconfig) detected, falling back to VS Code configuration
["INFO" - 1:06:16 PM] Prettier Options:
{
  "arrowParens": "always",
  "bracketSpacing": true,
  "endOfLine": "lf",
  "htmlWhitespaceSensitivity": "css",
  "insertPragma": false,
  "jsxBracketSameLine": false,
  "jsxSingleQuote": false,
  "printWidth": 80,
  "proseWrap": "preserve",
  "quoteProps": "as-needed",
  "requirePragma": false,
  "semi": true,
  "singleQuote": false,
  "tabWidth": 2,
  "trailingComma": "es5",
  "useTabs": false,
  "vueIndentScriptAndStyle": false,
  "filepath": "/home/luckytuvshee/programming/serverless/photobook/photobook_client/src/components/photobook/editor/styles/slide.scss",
  "parser": "scss"
}
["INFO" - 1:06:17 PM] Formatting completed in 218.201504ms.
["INFO" - 1:37:32 PM] Formatting /home/luckytuvshee/programming/serverless/photobook/photobook_client/src/components/photobook/editor/index.tsx
["INFO" - 1:37:32 PM] Using ignore file (if present) at /home/luckytuvshee/programming/serverless/photobook/photobook_client/.prettierignore
["INFO" - 1:37:32 PM] Using bundled version of prettier.
["INFO" - 1:37:32 PM] File Info:
{
  "ignored": false,
  "inferredParser": "typescript"
}
["INFO" - 1:37:32 PM] No local configuration (i.e. .prettierrc or .editorconfig) detected, falling back to VS Code configuration
["INFO" - 1:37:32 PM] Prettier Options:
{
  "arrowParens": "always",
  "bracketSpacing": true,
  "endOfLine": "lf",
  "htmlWhitespaceSensitivity": "css",
  "insertPragma": false,
  "jsxBracketSameLine": false,
  "jsxSingleQuote": false,
  "printWidth": 80,
  "proseWrap": "preserve",
  "quoteProps": "as-needed",
  "requirePragma": false,
  "semi": true,
  "singleQuote": false,
  "tabWidth": 2,
  "trailingComma": "es5",
  "useTabs": false,
  "vueIndentScriptAndStyle": false,
  "filepath": "/home/luckytuvshee/programming/serverless/photobook/photobook_client/src/components/photobook/editor/index.tsx",
  "parser": "typescript"
}
["INFO" - 1:37:33 PM] Formatting completed in 699.700996ms.
["INFO" - 1:38:53 PM] Formatting /home/luckytuvshee/programming/serverless/photobook/photobook_client/src/components/photobook/editor/styles/slide.scss
["INFO" - 1:38:53 PM] Using ignore file (if present) at /home/luckytuvshee/programming/serverless/photobook/photobook_client/.prettierignore
["INFO" - 1:38:53 PM] Using bundled version of prettier.
["INFO" - 1:38:53 PM] File Info:
{
  "ignored": false,
  "inferredParser": "scss"
}
["INFO" - 1:38:53 PM] No local configuration (i.e. .prettierrc or .editorconfig) detected, falling back to VS Code configuration
["INFO" - 1:38:53 PM] Prettier Options:
{
  "arrowParens": "always",
  "bracketSpacing": true,
  "endOfLine": "lf",
  "htmlWhitespaceSensitivity": "css",
  "insertPragma": false,
  "jsxBracketSameLine": false,
  "jsxSingleQuote": false,
  "printWidth": 80,
  "proseWrap": "preserve",
  "quoteProps": "as-needed",
  "requirePragma": false,
  "semi": true,
  "singleQuote": false,
  "tabWidth": 2,
  "trailingComma": "es5",
  "useTabs": false,
  "vueIndentScriptAndStyle": false,
  "filepath": "/home/luckytuvshee/programming/serverless/photobook/photobook_client/src/components/photobook/editor/styles/slide.scss",
  "parser": "scss"
}
["INFO" - 1:38:53 PM] Formatting completed in 189.028101ms.
["INFO" - 1:39:25 PM] Formatting /home/luckytuvshee/programming/serverless/photobook/photobook_client/src/components/photobook/editor/index.tsx
["INFO" - 1:39:25 PM] Using ignore file (if present) at /home/luckytuvshee/programming/serverless/photobook/photobook_client/.prettierignore
["INFO" - 1:39:25 PM] Using bundled version of prettier.
["INFO" - 1:39:25 PM] File Info:
{
  "ignored": false,
  "inferredParser": "typescript"
}
["INFO" - 1:39:25 PM] No local configuration (i.e. .prettierrc or .editorconfig) detected, falling back to VS Code configuration
["INFO" - 1:39:25 PM] Prettier Options:
{
  "arrowParens": "always",
  "bracketSpacing": true,
  "endOfLine": "lf",
  "htmlWhitespaceSensitivity": "css",
  "insertPragma": false,
  "jsxBracketSameLine": false,
  "jsxSingleQuote": false,
  "printWidth": 80,
  "proseWrap": "preserve",
  "quoteProps": "as-needed",
  "requirePragma": false,
  "semi": true,
  "singleQuote": false,
  "tabWidth": 2,
  "trailingComma": "es5",
  "useTabs": false,
  "vueIndentScriptAndStyle": false,
  "filepath": "/home/luckytuvshee/programming/serverless/photobook/photobook_client/src/components/photobook/editor/index.tsx",
  "parser": "typescript"
}
["INFO" - 1:39:25 PM] Formatting completed in 644.159645ms.
["INFO" - 1:39:43 PM] Formatting /home/luckytuvshee/programming/serverless/photobook/photobook_client/src/components/photobook/editor/styles/slide.scss
["INFO" - 1:39:43 PM] Using ignore file (if present) at /home/luckytuvshee/programming/serverless/photobook/photobook_client/.prettierignore
["INFO" - 1:39:43 PM] Using bundled version of prettier.
["INFO" - 1:39:44 PM] File Info:
{
  "ignored": false,
  "inferredParser": "scss"
}
["INFO" - 1:39:44 PM] No local configuration (i.e. .prettierrc or .editorconfig) detected, falling back to VS Code configuration
["INFO" - 1:39:44 PM] Prettier Options:
{
  "arrowParens": "always",
  "bracketSpacing": true,
  "endOfLine": "lf",
  "htmlWhitespaceSensitivity": "css",
  "insertPragma": false,
  "jsxBracketSameLine": false,
  "jsxSingleQuote": false,
  "printWidth": 80,
  "proseWrap": "preserve",
  "quoteProps": "as-needed",
  "requirePragma": false,
  "semi": true,
  "singleQuote": false,
  "tabWidth": 2,
  "trailingComma": "es5",
  "useTabs": false,
  "vueIndentScriptAndStyle": false,
  "filepath": "/home/luckytuvshee/programming/serverless/photobook/photobook_client/src/components/photobook/editor/styles/slide.scss",
  "parser": "scss"
}
["INFO" - 1:39:44 PM] Formatting completed in 123.568349ms.
["INFO" - 1:40:01 PM] Formatting /home/luckytuvshee/programming/serverless/photobook/photobook_client/src/components/photobook/editor/index.tsx
["INFO" - 1:40:01 PM] Using ignore file (if present) at /home/luckytuvshee/programming/serverless/photobook/photobook_client/.prettierignore
["INFO" - 1:40:01 PM] Using bundled version of prettier.
["INFO" - 1:40:01 PM] File Info:
{
  "ignored": false,
  "inferredParser": "typescript"
}
["INFO" - 1:40:01 PM] No local configuration (i.e. .prettierrc or .editorconfig) detected, falling back to VS Code configuration
["INFO" - 1:40:01 PM] Prettier Options:
{
  "arrowParens": "always",
  "bracketSpacing": true,
  "endOfLine": "lf",
  "htmlWhitespaceSensitivity": "css",
  "insertPragma": false,
  "jsxBracketSameLine": false,
  "jsxSingleQuote": false,
  "printWidth": 80,
  "proseWrap": "preserve",
  "quoteProps": "as-needed",
  "requirePragma": false,
  "semi": true,
  "singleQuote": false,
  "tabWidth": 2,
  "trailingComma": "es5",
  "useTabs": false,
  "vueIndentScriptAndStyle": false,
  "filepath": "/home/luckytuvshee/programming/serverless/photobook/photobook_client/src/components/photobook/editor/index.tsx",
  "parser": "typescript"
}
["INFO" - 1:40:02 PM] Formatting completed in 736.868566ms.
["INFO" - 1:41:48 PM] Formatting /home/luckytuvshee/programming/serverless/photobook/photobook_client/src/components/photobook/editor/index.tsx
["INFO" - 1:41:48 PM] Using ignore file (if present) at /home/luckytuvshee/programming/serverless/photobook/photobook_client/.prettierignore
["INFO" - 1:41:48 PM] Using bundled version of prettier.
["INFO" - 1:41:48 PM] File Info:
{
  "ignored": false,
  "inferredParser": "typescript"
}
["INFO" - 1:41:48 PM] No local configuration (i.e. .prettierrc or .editorconfig) detected, falling back to VS Code configuration
["INFO" - 1:41:48 PM] Prettier Options:
{
  "arrowParens": "always",
  "bracketSpacing": true,
  "endOfLine": "lf",
  "htmlWhitespaceSensitivity": "css",
  "insertPragma": false,
  "jsxBracketSameLine": false,
  "jsxSingleQuote": false,
  "printWidth": 80,
  "proseWrap": "preserve",
  "quoteProps": "as-needed",
  "requirePragma": false,
  "semi": true,
  "singleQuote": false,
  "tabWidth": 2,
  "trailingComma": "es5",
  "useTabs": false,
  "vueIndentScriptAndStyle": false,
  "filepath": "/home/luckytuvshee/programming/serverless/photobook/photobook_client/src/components/photobook/editor/index.tsx",
  "parser": "typescript"
}
["INFO" - 1:41:48 PM] Formatting completed in 684.050111ms.
["INFO" - 1:42:12 PM] Formatting /home/luckytuvshee/programming/serverless/photobook/photobook_client/src/components/photobook/editor/index.tsx
["INFO" - 1:42:12 PM] Using ignore file (if present) at /home/luckytuvshee/programming/serverless/photobook/photobook_client/.prettierignore
["INFO" - 1:42:12 PM] Using bundled version of prettier.
["INFO" - 1:42:12 PM] File Info:
{
  "ignored": false,
  "inferredParser": "typescript"
}
["INFO" - 1:42:12 PM] No local configuration (i.e. .prettierrc or .editorconfig) detected, falling back to VS Code configuration
["INFO" - 1:42:12 PM] Prettier Options:
{
  "arrowParens": "always",
  "bracketSpacing": true,
  "endOfLine": "lf",
  "htmlWhitespaceSensitivity": "css",
  "insertPragma": false,
  "jsxBracketSameLine": false,
  "jsxSingleQuote": false,
  "printWidth": 80,
  "proseWrap": "preserve",
  "quoteProps": "as-needed",
  "requirePragma": false,
  "semi": true,
  "singleQuote": false,
  "tabWidth": 2,
  "trailingComma": "es5",
  "useTabs": false,
  "vueIndentScriptAndStyle": false,
  "filepath": "/home/luckytuvshee/programming/serverless/photobook/photobook_client/src/components/photobook/editor/index.tsx",
  "parser": "typescript"
}
["INFO" - 1:42:12 PM] Formatting completed in 571.720207ms.
["INFO" - 1:42:50 PM] Formatting /home/luckytuvshee/programming/serverless/photobook/photobook_client/src/components/photobook/editor/index.tsx
["INFO" - 1:42:50 PM] Using ignore file (if present) at /home/luckytuvshee/programming/serverless/photobook/photobook_client/.prettierignore
["INFO" - 1:42:50 PM] Using bundled version of prettier.
["INFO" - 1:42:50 PM] File Info:
{
  "ignored": false,
  "inferredParser": "typescript"
}
["INFO" - 1:42:50 PM] No local configuration (i.e. .prettierrc or .editorconfig) detected, falling back to VS Code configuration
["INFO" - 1:42:50 PM] Prettier Options:
{
  "arrowParens": "always",
  "bracketSpacing": true,
  "endOfLine": "lf",
  "htmlWhitespaceSensitivity": "css",
  "insertPragma": false,
  "jsxBracketSameLine": false,
  "jsxSingleQuote": false,
  "printWidth": 80,
  "proseWrap": "preserve",
  "quoteProps": "as-needed",
  "requirePragma": false,
  "semi": true,
  "singleQuote": false,
  "tabWidth": 2,
  "trailingComma": "es5",
  "useTabs": false,
  "vueIndentScriptAndStyle": false,
  "filepath": "/home/luckytuvshee/programming/serverless/photobook/photobook_client/src/components/photobook/editor/index.tsx",
  "parser": "typescript"
}
["INFO" - 1:42:50 PM] Formatting completed in 374.850451ms.
["INFO" - 1:43:39 PM] Formatting /home/luckytuvshee/programming/serverless/photobook/photobook_client/src/components/photobook/editor/index.tsx
["INFO" - 1:43:39 PM] Using ignore file (if present) at /home/luckytuvshee/programming/serverless/photobook/photobook_client/.prettierignore
["INFO" - 1:43:39 PM] Using bundled version of prettier.
["INFO" - 1:43:39 PM] File Info:
{
  "ignored": false,
  "inferredParser": "typescript"
}
["INFO" - 1:43:39 PM] No local configuration (i.e. .prettierrc or .editorconfig) detected, falling back to VS Code configuration
["INFO" - 1:43:39 PM] Prettier Options:
{
  "arrowParens": "always",
  "bracketSpacing": true,
  "endOfLine": "lf",
  "htmlWhitespaceSensitivity": "css",
  "insertPragma": false,
  "jsxBracketSameLine": false,
  "jsxSingleQuote": false,
  "printWidth": 80,
  "proseWrap": "preserve",
  "quoteProps": "as-needed",
  "requirePragma": false,
  "semi": true,
  "singleQuote": false,
  "tabWidth": 2,
  "trailingComma": "es5",
  "useTabs": false,
  "vueIndentScriptAndStyle": false,
  "filepath": "/home/luckytuvshee/programming/serverless/photobook/photobook_client/src/components/photobook/editor/index.tsx",
  "parser": "typescript"
}
["INFO" - 1:43:39 PM] Formatting completed in 730.531128ms.
["INFO" - 1:43:42 PM] Formatting /home/luckytuvshee/programming/serverless/photobook/photobook_client/src/components/photobook/editor/index.tsx
["INFO" - 1:43:42 PM] Using ignore file (if present) at /home/luckytuvshee/programming/serverless/photobook/photobook_client/.prettierignore
["INFO" - 1:43:42 PM] Using bundled version of prettier.
["INFO" - 1:43:42 PM] File Info:
{
  "ignored": false,
  "inferredParser": "typescript"
}
["INFO" - 1:43:42 PM] No local configuration (i.e. .prettierrc or .editorconfig) detected, falling back to VS Code configuration
["INFO" - 1:43:42 PM] Prettier Options:
{
  "arrowParens": "always",
  "bracketSpacing": true,
  "endOfLine": "lf",
  "htmlWhitespaceSensitivity": "css",
  "insertPragma": false,
  "jsxBracketSameLine": false,
  "jsxSingleQuote": false,
  "printWidth": 80,
  "proseWrap": "preserve",
  "quoteProps": "as-needed",
  "requirePragma": false,
  "semi": true,
  "singleQuote": false,
  "tabWidth": 2,
  "trailingComma": "es5",
  "useTabs": false,
  "vueIndentScriptAndStyle": false,
  "filepath": "/home/luckytuvshee/programming/serverless/photobook/photobook_client/src/components/photobook/editor/index.tsx",
  "parser": "typescript"
}
["INFO" - 1:43:43 PM] Formatting completed in 63.089831ms.
["INFO" - 1:44:36 PM] Formatting /home/luckytuvshee/programming/serverless/photobook/photobook_client/src/components/photobook/editor/index.tsx
["INFO" - 1:44:36 PM] Using ignore file (if present) at /home/luckytuvshee/programming/serverless/photobook/photobook_client/.prettierignore
["INFO" - 1:44:36 PM] Using bundled version of prettier.
["INFO" - 1:44:36 PM] File Info:
{
  "ignored": false,
  "inferredParser": "typescript"
}
["INFO" - 1:44:36 PM] No local configuration (i.e. .prettierrc or .editorconfig) detected, falling back to VS Code configuration
["INFO" - 1:44:36 PM] Prettier Options:
{
  "arrowParens": "always",
  "bracketSpacing": true,
  "endOfLine": "lf",
  "htmlWhitespaceSensitivity": "css",
  "insertPragma": false,
  "jsxBracketSameLine": false,
  "jsxSingleQuote": false,
  "printWidth": 80,
  "proseWrap": "preserve",
  "quoteProps": "as-needed",
  "requirePragma": false,
  "semi": true,
  "singleQuote": false,
  "tabWidth": 2,
  "trailingComma": "es5",
  "useTabs": false,
  "vueIndentScriptAndStyle": false,
  "filepath": "/home/luckytuvshee/programming/serverless/photobook/photobook_client/src/components/photobook/editor/index.tsx",
  "parser": "typescript"
}
["INFO" - 1:44:37 PM] Formatting completed in 439.671006ms.
["INFO" - 1:44:55 PM] Formatting /home/luckytuvshee/programming/serverless/photobook/photobook_client/src/components/photobook/editor/index.tsx
["INFO" - 1:44:55 PM] Using ignore file (if present) at /home/luckytuvshee/programming/serverless/photobook/photobook_client/.prettierignore
["INFO" - 1:44:55 PM] Using bundled version of prettier.
["INFO" - 1:44:55 PM] File Info:
{
  "ignored": false,
  "inferredParser": "typescript"
}
["INFO" - 1:44:55 PM] No local configuration (i.e. .prettierrc or .editorconfig) detected, falling back to VS Code configuration
["INFO" - 1:44:55 PM] Prettier Options:
{
  "arrowParens": "always",
  "bracketSpacing": true,
  "endOfLine": "lf",
  "htmlWhitespaceSensitivity": "css",
  "insertPragma": false,
  "jsxBracketSameLine": false,
  "jsxSingleQuote": false,
  "printWidth": 80,
  "proseWrap": "preserve",
  "quoteProps": "as-needed",
  "requirePragma": false,
  "semi": true,
  "singleQuote": false,
  "tabWidth": 2,
  "trailingComma": "es5",
  "useTabs": false,
  "vueIndentScriptAndStyle": false,
  "filepath": "/home/luckytuvshee/programming/serverless/photobook/photobook_client/src/components/photobook/editor/index.tsx",
  "parser": "typescript"
}
["INFO" - 1:44:55 PM] Formatting completed in 665.132094ms.
["INFO" - 1:45:23 PM] Formatting /home/luckytuvshee/programming/serverless/photobook/photobook_client/src/components/photobook/editor/index.tsx
["INFO" - 1:45:23 PM] Using ignore file (if present) at /home/luckytuvshee/programming/serverless/photobook/photobook_client/.prettierignore
["INFO" - 1:45:23 PM] Using bundled version of prettier.
["INFO" - 1:45:23 PM] File Info:
{
  "ignored": false,
  "inferredParser": "typescript"
}
["INFO" - 1:45:23 PM] No local configuration (i.e. .prettierrc or .editorconfig) detected, falling back to VS Code configuration
["INFO" - 1:45:23 PM] Prettier Options:
{
  "arrowParens": "always",
  "bracketSpacing": true,
  "endOfLine": "lf",
  "htmlWhitespaceSensitivity": "css",
  "insertPragma": false,
  "jsxBracketSameLine": false,
  "jsxSingleQuote": false,
  "printWidth": 80,
  "proseWrap": "preserve",
  "quoteProps": "as-needed",
  "requirePragma": false,
  "semi": true,
  "singleQuote": false,
  "tabWidth": 2,
  "trailingComma": "es5",
  "useTabs": false,
  "vueIndentScriptAndStyle": false,
  "filepath": "/home/luckytuvshee/programming/serverless/photobook/photobook_client/src/components/photobook/editor/index.tsx",
  "parser": "typescript"
}
["INFO" - 1:45:23 PM] Formatting completed in 600.828348ms.
["INFO" - 1:45:32 PM] Formatting /home/luckytuvshee/programming/serverless/photobook/photobook_client/src/components/photobook/editor/index.tsx
["INFO" - 1:45:32 PM] Using ignore file (if present) at /home/luckytuvshee/programming/serverless/photobook/photobook_client/.prettierignore
["INFO" - 1:45:32 PM] Using bundled version of prettier.
["INFO" - 1:45:32 PM] File Info:
{
  "ignored": false,
  "inferredParser": "typescript"
}
["INFO" - 1:45:32 PM] No local configuration (i.e. .prettierrc or .editorconfig) detected, falling back to VS Code configuration
["INFO" - 1:45:32 PM] Prettier Options:
{
  "arrowParens": "always",
  "bracketSpacing": true,
  "endOfLine": "lf",
  "htmlWhitespaceSensitivity": "css",
  "insertPragma": false,
  "jsxBracketSameLine": false,
  "jsxSingleQuote": false,
  "printWidth": 80,
  "proseWrap": "preserve",
  "quoteProps": "as-needed",
  "requirePragma": false,
  "semi": true,
  "singleQuote": false,
  "tabWidth": 2,
  "trailingComma": "es5",
  "useTabs": false,
  "vueIndentScriptAndStyle": false,
  "filepath": "/home/luckytuvshee/programming/serverless/photobook/photobook_client/src/components/photobook/editor/index.tsx",
  "parser": "typescript"
}
["INFO" - 1:45:33 PM] Formatting completed in 365.198604ms.
["INFO" - 1:46:16 PM] Formatting /home/luckytuvshee/programming/serverless/photobook/photobook_client/src/components/photobook/editor/index.tsx
["INFO" - 1:46:16 PM] Using ignore file (if present) at /home/luckytuvshee/programming/serverless/photobook/photobook_client/.prettierignore
["INFO" - 1:46:16 PM] Using bundled version of prettier.
["INFO" - 1:46:16 PM] File Info:
{
  "ignored": false,
  "inferredParser": "typescript"
}
["INFO" - 1:46:16 PM] No local configuration (i.e. .prettierrc or .editorconfig) detected, falling back to VS Code configuration
["INFO" - 1:46:16 PM] Prettier Options:
{
  "arrowParens": "always",
  "bracketSpacing": true,
  "endOfLine": "lf",
  "htmlWhitespaceSensitivity": "css",
  "insertPragma": false,
  "jsxBracketSameLine": false,
  "jsxSingleQuote": false,
  "printWidth": 80,
  "proseWrap": "preserve",
  "quoteProps": "as-needed",
  "requirePragma": false,
  "semi": true,
  "singleQuote": false,
  "tabWidth": 2,
  "trailingComma": "es5",
  "useTabs": false,
  "vueIndentScriptAndStyle": false,
  "filepath": "/home/luckytuvshee/programming/serverless/photobook/photobook_client/src/components/photobook/editor/index.tsx",
  "parser": "typescript"
}
["INFO" - 1:46:17 PM] Formatting completed in 417.519349ms.
["INFO" - 1:46:34 PM] Formatting /home/luckytuvshee/programming/serverless/photobook/photobook_client/src/components/photobook/editor/index.tsx
["INFO" - 1:46:34 PM] Using ignore file (if present) at /home/luckytuvshee/programming/serverless/photobook/photobook_client/.prettierignore
["INFO" - 1:46:34 PM] Using bundled version of prettier.
["INFO" - 1:46:34 PM] File Info:
{
  "ignored": false,
  "inferredParser": "typescript"
}
["INFO" - 1:46:34 PM] No local configuration (i.e. .prettierrc or .editorconfig) detected, falling back to VS Code configuration
["INFO" - 1:46:34 PM] Prettier Options:
{
  "arrowParens": "always",
  "bracketSpacing": true,
  "endOfLine": "lf",
  "htmlWhitespaceSensitivity": "css",
  "insertPragma": false,
  "jsxBracketSameLine": false,
  "jsxSingleQuote": false,
  "printWidth": 80,
  "proseWrap": "preserve",
  "quoteProps": "as-needed",
  "requirePragma": false,
  "semi": true,
  "singleQuote": false,
  "tabWidth": 2,
  "trailingComma": "es5",
  "useTabs": false,
  "vueIndentScriptAndStyle": false,
  "filepath": "/home/luckytuvshee/programming/serverless/photobook/photobook_client/src/components/photobook/editor/index.tsx",
  "parser": "typescript"
}
["INFO" - 1:46:35 PM] Formatting completed in 342.639837ms.
["INFO" - 1:46:46 PM] Formatting /home/luckytuvshee/programming/serverless/photobook/photobook_client/src/components/photobook/editor/styles/slide.scss
["INFO" - 1:46:46 PM] Using ignore file (if present) at /home/luckytuvshee/programming/serverless/photobook/photobook_client/.prettierignore
["INFO" - 1:46:46 PM] Using bundled version of prettier.
["INFO" - 1:46:46 PM] File Info:
{
  "ignored": false,
  "inferredParser": "scss"
}
["INFO" - 1:46:47 PM] No local configuration (i.e. .prettierrc or .editorconfig) detected, falling back to VS Code configuration
["INFO" - 1:46:47 PM] Prettier Options:
{
  "arrowParens": "always",
  "bracketSpacing": true,
  "endOfLine": "lf",
  "htmlWhitespaceSensitivity": "css",
  "insertPragma": false,
  "jsxBracketSameLine": false,
  "jsxSingleQuote": false,
  "printWidth": 80,
  "proseWrap": "preserve",
  "quoteProps": "as-needed",
  "requirePragma": false,
  "semi": true,
  "singleQuote": false,
  "tabWidth": 2,
  "trailingComma": "es5",
  "useTabs": false,
  "vueIndentScriptAndStyle": false,
  "filepath": "/home/luckytuvshee/programming/serverless/photobook/photobook_client/src/components/photobook/editor/styles/slide.scss",
  "parser": "scss"
}
["INFO" - 1:46:47 PM] Formatting completed in 186.52468ms.
["INFO" - 1:47:16 PM] Formatting /home/luckytuvshee/programming/serverless/photobook/photobook_client/src/components/photobook/editor/index.tsx
["INFO" - 1:47:16 PM] Using ignore file (if present) at /home/luckytuvshee/programming/serverless/photobook/photobook_client/.prettierignore
["INFO" - 1:47:16 PM] Using bundled version of prettier.
["INFO" - 1:47:16 PM] File Info:
{
  "ignored": false,
  "inferredParser": "typescript"
}
["INFO" - 1:47:16 PM] No local configuration (i.e. .prettierrc or .editorconfig) detected, falling back to VS Code configuration
["INFO" - 1:47:16 PM] Prettier Options:
{
  "arrowParens": "always",
  "bracketSpacing": true,
  "endOfLine": "lf",
  "htmlWhitespaceSensitivity": "css",
  "insertPragma": false,
  "jsxBracketSameLine": false,
  "jsxSingleQuote": false,
  "printWidth": 80,
  "proseWrap": "preserve",
  "quoteProps": "as-needed",
  "requirePragma": false,
  "semi": true,
  "singleQuote": false,
  "tabWidth": 2,
  "trailingComma": "es5",
  "useTabs": false,
  "vueIndentScriptAndStyle": false,
  "filepath": "/home/luckytuvshee/programming/serverless/photobook/photobook_client/src/components/photobook/editor/index.tsx",
  "parser": "typescript"
}
["INFO" - 1:47:17 PM] Formatting completed in 798.005654ms.
["INFO" - 1:47:49 PM] Formatting /home/luckytuvshee/programming/serverless/photobook/photobook_client/src/components/photobook/editor/styles/slide.scss
["INFO" - 1:47:49 PM] Using ignore file (if present) at /home/luckytuvshee/programming/serverless/photobook/photobook_client/.prettierignore
["INFO" - 1:47:49 PM] Using bundled version of prettier.
["INFO" - 1:47:49 PM] File Info:
{
  "ignored": false,
  "inferredParser": "scss"
}
["INFO" - 1:47:49 PM] No local configuration (i.e. .prettierrc or .editorconfig) detected, falling back to VS Code configuration
["INFO" - 1:47:49 PM] Prettier Options:
{
  "arrowParens": "always",
  "bracketSpacing": true,
  "endOfLine": "lf",
  "htmlWhitespaceSensitivity": "css",
  "insertPragma": false,
  "jsxBracketSameLine": false,
  "jsxSingleQuote": false,
  "printWidth": 80,
  "proseWrap": "preserve",
  "quoteProps": "as-needed",
  "requirePragma": false,
  "semi": true,
  "singleQuote": false,
  "tabWidth": 2,
  "trailingComma": "es5",
  "useTabs": false,
  "vueIndentScriptAndStyle": false,
  "filepath": "/home/luckytuvshee/programming/serverless/photobook/photobook_client/src/components/photobook/editor/styles/slide.scss",
  "parser": "scss"
}
["INFO" - 1:47:49 PM] Formatting completed in 133.058558ms.
["INFO" - 1:47:56 PM] Formatting /home/luckytuvshee/programming/serverless/photobook/photobook_client/src/components/photobook/editor/styles/slide.scss
["INFO" - 1:47:56 PM] Using ignore file (if present) at /home/luckytuvshee/programming/serverless/photobook/photobook_client/.prettierignore
["INFO" - 1:47:56 PM] Using bundled version of prettier.
["INFO" - 1:47:56 PM] File Info:
{
  "ignored": false,
  "inferredParser": "scss"
}
["INFO" - 1:47:56 PM] No local configuration (i.e. .prettierrc or .editorconfig) detected, falling back to VS Code configuration
["INFO" - 1:47:56 PM] Prettier Options:
{
  "arrowParens": "always",
  "bracketSpacing": true,
  "endOfLine": "lf",
  "htmlWhitespaceSensitivity": "css",
  "insertPragma": false,
  "jsxBracketSameLine": false,
  "jsxSingleQuote": false,
  "printWidth": 80,
  "proseWrap": "preserve",
  "quoteProps": "as-needed",
  "requirePragma": false,
  "semi": true,
  "singleQuote": false,
  "tabWidth": 2,
  "trailingComma": "es5",
  "useTabs": false,
  "vueIndentScriptAndStyle": false,
  "filepath": "/home/luckytuvshee/programming/serverless/photobook/photobook_client/src/components/photobook/editor/styles/slide.scss",
  "parser": "scss"
}
["INFO" - 1:47:56 PM] Formatting completed in 106.642799ms.
["INFO" - 1:48:13 PM] Formatting /home/luckytuvshee/programming/serverless/photobook/photobook_client/src/components/photobook/editor/styles/slide.scss
["INFO" - 1:48:13 PM] Using ignore file (if present) at /home/luckytuvshee/programming/serverless/photobook/photobook_client/.prettierignore
["INFO" - 1:48:13 PM] Using bundled version of prettier.
["INFO" - 1:48:13 PM] File Info:
{
  "ignored": false,
  "inferredParser": "scss"
}
["INFO" - 1:48:14 PM] No local configuration (i.e. .prettierrc or .editorconfig) detected, falling back to VS Code configuration
["INFO" - 1:48:14 PM] Prettier Options:
{
  "arrowParens": "always",
  "bracketSpacing": true,
  "endOfLine": "lf",
  "htmlWhitespaceSensitivity": "css",
  "insertPragma": false,
  "jsxBracketSameLine": false,
  "jsxSingleQuote": false,
  "printWidth": 80,
  "proseWrap": "preserve",
  "quoteProps": "as-needed",
  "requirePragma": false,
  "semi": true,
  "singleQuote": false,
  "tabWidth": 2,
  "trailingComma": "es5",
  "useTabs": false,
  "vueIndentScriptAndStyle": false,
  "filepath": "/home/luckytuvshee/programming/serverless/photobook/photobook_client/src/components/photobook/editor/styles/slide.scss",
  "parser": "scss"
}
["INFO" - 1:48:14 PM] Formatting completed in 123.642349ms.
["INFO" - 1:48:40 PM] Formatting /home/luckytuvshee/programming/serverless/photobook/photobook_client/src/components/photobook/editor/styles/slide.scss
["INFO" - 1:48:40 PM] Using ignore file (if present) at /home/luckytuvshee/programming/serverless/photobook/photobook_client/.prettierignore
["INFO" - 1:48:40 PM] Using bundled version of prettier.
["INFO" - 1:48:40 PM] File Info:
{
  "ignored": false,
  "inferredParser": "scss"
}
["INFO" - 1:48:40 PM] No local configuration (i.e. .prettierrc or .editorconfig) detected, falling back to VS Code configuration
["INFO" - 1:48:40 PM] Prettier Options:
{
  "arrowParens": "always",
  "bracketSpacing": true,
  "endOfLine": "lf",
  "htmlWhitespaceSensitivity": "css",
  "insertPragma": false,
  "jsxBracketSameLine": false,
  "jsxSingleQuote": false,
  "printWidth": 80,
  "proseWrap": "preserve",
  "quoteProps": "as-needed",
  "requirePragma": false,
  "semi": true,
  "singleQuote": false,
  "tabWidth": 2,
  "trailingComma": "es5",
  "useTabs": false,
  "vueIndentScriptAndStyle": false,
  "filepath": "/home/luckytuvshee/programming/serverless/photobook/photobook_client/src/components/photobook/editor/styles/slide.scss",
  "parser": "scss"
}
["INFO" - 1:48:40 PM] Formatting completed in 129.594371ms.
["INFO" - 1:48:48 PM] Formatting /home/luckytuvshee/programming/serverless/photobook/photobook_client/src/components/photobook/editor/styles/slide.scss
["INFO" - 1:48:48 PM] Using ignore file (if present) at /home/luckytuvshee/programming/serverless/photobook/photobook_client/.prettierignore
["INFO" - 1:48:48 PM] Using bundled version of prettier.
["INFO" - 1:48:48 PM] File Info:
{
  "ignored": false,
  "inferredParser": "scss"
}
["INFO" - 1:48:48 PM] No local configuration (i.e. .prettierrc or .editorconfig) detected, falling back to VS Code configuration
["INFO" - 1:48:48 PM] Prettier Options:
{
  "arrowParens": "always",
  "bracketSpacing": true,
  "endOfLine": "lf",
  "htmlWhitespaceSensitivity": "css",
  "insertPragma": false,
  "jsxBracketSameLine": false,
  "jsxSingleQuote": false,
  "printWidth": 80,
  "proseWrap": "preserve",
  "quoteProps": "as-needed",
  "requirePragma": false,
  "semi": true,
  "singleQuote": false,
  "tabWidth": 2,
  "trailingComma": "es5",
  "useTabs": false,
  "vueIndentScriptAndStyle": false,
  "filepath": "/home/luckytuvshee/programming/serverless/photobook/photobook_client/src/components/photobook/editor/styles/slide.scss",
  "parser": "scss"
}
["INFO" - 1:48:48 PM] Formatting completed in 96.948973ms.
["INFO" - 1:48:53 PM] Formatting /home/luckytuvshee/programming/serverless/photobook/photobook_client/src/components/photobook/editor/styles/slide.scss
["INFO" - 1:48:53 PM] Using ignore file (if present) at /home/luckytuvshee/programming/serverless/photobook/photobook_client/.prettierignore
["INFO" - 1:48:53 PM] Using bundled version of prettier.
["INFO" - 1:48:53 PM] File Info:
{
  "ignored": false,
  "inferredParser": "scss"
}
["INFO" - 1:48:53 PM] No local configuration (i.e. .prettierrc or .editorconfig) detected, falling back to VS Code configuration
["INFO" - 1:48:53 PM] Prettier Options:
{
  "arrowParens": "always",
  "bracketSpacing": true,
  "endOfLine": "lf",
  "htmlWhitespaceSensitivity": "css",
  "insertPragma": false,
  "jsxBracketSameLine": false,
  "jsxSingleQuote": false,
  "printWidth": 80,
  "proseWrap": "preserve",
  "quoteProps": "as-needed",
  "requirePragma": false,
  "semi": true,
  "singleQuote": false,
  "tabWidth": 2,
  "trailingComma": "es5",
  "useTabs": false,
  "vueIndentScriptAndStyle": false,
  "filepath": "/home/luckytuvshee/programming/serverless/photobook/photobook_client/src/components/photobook/editor/styles/slide.scss",
  "parser": "scss"
}
["INFO" - 1:48:53 PM] Formatting completed in 106.900576ms.
["INFO" - 2:10:59 PM] Formatting /home/luckytuvshee/programming/serverless/photobook/photobook_client/src/components/photobook/editor/index.tsx
["INFO" - 2:10:59 PM] Using ignore file (if present) at /home/luckytuvshee/programming/serverless/photobook/photobook_client/.prettierignore
["INFO" - 2:10:59 PM] Using bundled version of prettier.
["INFO" - 2:10:59 PM] File Info:
{
  "ignored": false,
  "inferredParser": "typescript"
}
["INFO" - 2:10:59 PM] No local configuration (i.e. .prettierrc or .editorconfig) detected, falling back to VS Code configuration
["INFO" - 2:10:59 PM] Prettier Options:
{
  "arrowParens": "always",
  "bracketSpacing": true,
  "endOfLine": "lf",
  "htmlWhitespaceSensitivity": "css",
  "insertPragma": false,
  "jsxBracketSameLine": false,
  "jsxSingleQuote": false,
  "printWidth": 80,
  "proseWrap": "preserve",
  "quoteProps": "as-needed",
  "requirePragma": false,
  "semi": true,
  "singleQuote": false,
  "tabWidth": 2,
  "trailingComma": "es5",
  "useTabs": false,
  "vueIndentScriptAndStyle": false,
  "filepath": "/home/luckytuvshee/programming/serverless/photobook/photobook_client/src/components/photobook/editor/index.tsx",
  "parser": "typescript"
}
["INFO" - 2:11:00 PM] Formatting completed in 489.512963ms.
