Looking for git in: git
Using git 2.30.0 from git
> git rev-parse --git-dir
Open repository: /home/luckytuvshee/unixporn/bspwm_aesthetic_anime/Dotfiles
> git status -z -u
> git symbolic-ref --short HEAD
> git rev-parse master
> git rev-parse --symbolic-full-name master@{u}
> git rev-list --left-right master...refs/remotes/origin/master
> git for-each-ref --sort -committerdate --format %(refname) %(objectname) %(*objectname)
> git remote --verbose
Warning: Failed to watch ref '/home/luckytuvshee/unixporn/bspwm_aesthetic_anime/Dotfiles/.git/refs/remotes/origin/master', is most likely packed.
> git config --get commit.template
> git check-ignore -v -z --stdin
> git check-ignore -v -z --stdin
> git show --textconv :.config/rofi/themes/colorschemes/material-dark/blue.rasi
> git ls-files --stage -- /home/luckytuvshee/unixporn/bspwm_aesthetic_anime/Dotfiles/.config/rofi/themes/colorschemes/material-dark/blue.rasi
> git cat-file -s 821e449a88ed3f2c752b65e4e3e77eb1cd48976a
> git check-ignore -v -z --stdin
> git check-ignore -v -z --stdin
> git check-ignore -v -z --stdin
> git show --textconv :.config/polybar/scripts/themes/colors_dark.rasi
> git ls-files --stage -- /home/luckytuvshee/unixporn/bspwm_aesthetic_anime/Dotfiles/.config/polybar/scripts/themes/colors_dark.rasi
> git cat-file -s 0b665662425d33d04f2ef1a0156cbcf81072c066
> git check-ignore -v -z --stdin
> git show --textconv :.config/polybar/scripts/themes/powermenu.rasi
> git ls-files --stage -- /home/luckytuvshee/unixporn/bspwm_aesthetic_anime/Dotfiles/.config/polybar/scripts/themes/powermenu.rasi
> git cat-file -s bb93ca1e244aac54c9a3b45f27dacad386a4735b
> git show --textconv :.config/polybar/scripts/themes/colors_dark.rasi
> git ls-files --stage -- /home/luckytuvshee/unixporn/bspwm_aesthetic_anime/Dotfiles/.config/polybar/scripts/themes/colors_dark.rasi
> git cat-file -s 0b665662425d33d04f2ef1a0156cbcf81072c066
> git show --textconv :.config/polybar/scripts/themes/powermenu.rasi
> git ls-files --stage -- /home/luckytuvshee/unixporn/bspwm_aesthetic_anime/Dotfiles/.config/polybar/scripts/themes/powermenu.rasi
> git cat-file -s bb93ca1e244aac54c9a3b45f27dacad386a4735b
