[2021-01-05 14:13:22.906] [exthost] [info] extension host started
[2021-01-05 14:13:23.142] [exthost] [info] ExtensionService#_doActivateExtension vscode.debug-auto-launch {"startup":true,"extensionId":{"value":"vscode.debug-auto-launch","_lower":"vscode.debug-auto-launch"},"activationEvent":"*"}
[2021-01-05 14:13:23.142] [exthost] [info] ExtensionService#loadCommonJSModule file:///usr/lib/code/extensions/debug-auto-launch/dist/extension
[2021-01-05 14:13:23.147] [exthost] [info] ExtensionService#_doActivateExtension vscode.emmet {"startup":true,"extensionId":{"value":"vscode.emmet","_lower":"vscode.emmet"},"activationEvent":"*"}
[2021-01-05 14:13:23.147] [exthost] [info] ExtensionService#loadCommonJSModule file:///usr/lib/code/extensions/emmet/dist/node/emmetNodeMain
[2021-01-05 14:13:23.172] [exthost] [info] ExtensionService#_doActivateExtension vscode.git {"startup":true,"extensionId":{"value":"vscode.github","_lower":"vscode.github"},"activationEvent":"*"}
[2021-01-05 14:13:23.172] [exthost] [info] ExtensionService#loadCommonJSModule file:///usr/lib/code/extensions/git/dist/main
[2021-01-05 14:13:23.201] [exthost] [info] ExtensionService#_doActivateExtension vscode.merge-conflict {"startup":true,"extensionId":{"value":"vscode.merge-conflict","_lower":"vscode.merge-conflict"},"activationEvent":"*"}
[2021-01-05 14:13:23.201] [exthost] [info] ExtensionService#loadCommonJSModule file:///usr/lib/code/extensions/merge-conflict/dist/mergeConflictMain
[2021-01-05 14:13:23.205] [exthost] [info] ExtensionService#_doActivateExtension vscode.search-result {"startup":true,"extensionId":{"value":"vscode.search-result","_lower":"vscode.search-result"},"activationEvent":"*"}
[2021-01-05 14:13:23.205] [exthost] [info] ExtensionService#loadCommonJSModule file:///usr/lib/code/extensions/search-result/dist/extension.js
[2021-01-05 14:13:23.207] [exthost] [info] ExtensionService#_doActivateExtension cweijan.cweijan-personal-material-icon-theme {"startup":true,"extensionId":{"value":"cweijan.cweijan-personal-material-icon-theme","_lower":"cweijan.cweijan-personal-material-icon-theme"},"activationEvent":"*"}
[2021-01-05 14:13:23.207] [exthost] [info] ExtensionService#loadCommonJSModule file:///home/luckytuvshee/.vscode-oss/extensions/cweijan.cweijan-personal-material-icon-theme-5.0.0/dist/extension
[2021-01-05 14:13:23.216] [exthost] [info] ExtensionService#_doActivateExtension vscode.npm {"startup":true,"extensionId":{"value":"vscode.npm","_lower":"vscode.npm"},"activationEvent":"workspaceContains:package.json"}
[2021-01-05 14:13:23.217] [exthost] [info] ExtensionService#loadCommonJSModule file:///usr/lib/code/extensions/npm/dist/npmMain
[2021-01-05 14:13:23.326] [exthost] [info] ExtensionService#_doActivateExtension vscode.github {"startup":true,"extensionId":{"value":"vscode.github","_lower":"vscode.github"},"activationEvent":"*"}
[2021-01-05 14:13:23.326] [exthost] [info] ExtensionService#loadCommonJSModule file:///usr/lib/code/extensions/github/dist/extension.js
[2021-01-05 14:13:23.464] [exthost] [info] ExtensionService#_doActivateExtension ms-vscode.js-debug {"startup":false,"extensionId":{"value":"ms-vscode.js-debug","_lower":"ms-vscode.js-debug"},"activationEvent":"onCommand:extension.js-debug.clearAutoAttachVariables"}
[2021-01-05 14:13:23.465] [exthost] [info] ExtensionService#loadCommonJSModule file:///usr/lib/code/extensions/ms-vscode.js-debug/src/extension.js
[2021-01-05 14:13:23.556] [exthost] [info] eager extensions activated
[2021-01-05 14:13:23.567] [exthost] [info] ExtensionService#_doActivateExtension esbenp.prettier-vscode {"startup":false,"extensionId":{"value":"esbenp.prettier-vscode","_lower":"esbenp.prettier-vscode"},"activationEvent":"onStartupFinished"}
[2021-01-05 14:13:23.567] [exthost] [info] ExtensionService#loadCommonJSModule file:///home/luckytuvshee/.vscode-oss/extensions/esbenp.prettier-vscode-5.8.0/dist/extension
[2021-01-05 14:18:24.003] [exthost] [info] ExtensionService#_doActivateExtension vscode.typescript-language-features {"startup":false,"extensionId":{"value":"vscode.typescript-language-features","_lower":"vscode.typescript-language-features"},"activationEvent":"onLanguage:javascript"}
[2021-01-05 14:18:24.003] [exthost] [info] ExtensionService#loadCommonJSModule file:///usr/lib/code/extensions/typescript-language-features/dist/extension
[2021-01-05 14:18:37.196] [exthost] [error] [vscode.typescript-language-features] provider FAILED
[2021-01-05 14:18:37.200] [exthost] [error] Error: <semantic> TypeScript Server Error (4.1.2)
Debug Failure. False expression.
Error: Debug Failure. False expression.
    at /usr/lib/code/extensions/node_modules/typescript/lib/tsserver.js:128621:34
    at Object.forEach (/usr/lib/code/extensions/node_modules/typescript/lib/tsserver.js:188:30)
    at getSymbolKindOfConstructorPropertyMethodAccessorFunctionOrVar (/usr/lib/code/extensions/node_modules/typescript/lib/tsserver.js:128615:48)
    at Object.getSymbolKind (/usr/lib/code/extensions/node_modules/typescript/lib/tsserver.js:128545:26)
    at createCompletionEntry (/usr/lib/code/extensions/node_modules/typescript/lib/tsserver.js:118152:40)
    at getCompletionEntriesFromSymbols (/usr/lib/code/extensions/node_modules/typescript/lib/tsserver.js:118199:29)
    at completionInfoFromData (/usr/lib/code/extensions/node_modules/typescript/lib/tsserver.js:118023:35)
    at Object.getCompletionsAtPosition (/usr/lib/code/extensions/node_modules/typescript/lib/tsserver.js:117981:28)
    at Proxy.getCompletionsAtPosition (/usr/lib/code/extensions/node_modules/typescript/lib/tsserver.js:146718:35)
    at IOSession.Session.getCompletions (/usr/lib/code/extensions/node_modules/typescript/lib/tsserver.js:157642:64)
    at Session.handlers.ts.Map.ts.getEntries._a.<computed> (/usr/lib/code/extensions/node_modules/typescript/lib/tsserver.js:156526:61)
    at /usr/lib/code/extensions/node_modules/typescript/lib/tsserver.js:158276:88
    at IOSession.Session.executeWithRequestId (/usr/lib/code/extensions/node_modules/typescript/lib/tsserver.js:158267:28)
    at IOSession.Session.executeCommand (/usr/lib/code/extensions/node_modules/typescript/lib/tsserver.js:158276:33)
    at IOSession.Session.onMessage (/usr/lib/code/extensions/node_modules/typescript/lib/tsserver.js:158300:35)
    at Interface.<anonymous> (/usr/lib/code/extensions/node_modules/typescript/lib/tsserver.js:160510:27)
    at Interface.emit (events.js:223:5)
    at Interface._onLine (readline.js:315:10)
    at Interface._normalWrite (readline.js:460:12)
    at Socket.ondata (readline.js:172:10)
    at Socket.emit (events.js:223:5)
    at addChunk (_stream_readable.js:309:12)
    at readableAddChunk (_stream_readable.js:290:11)
    at Socket.Readable.push (_stream_readable.js:224:10)
    at Pipe.onStreamRead (internal/stream_base_commons.js:181:23)
	at Function.create (/usr/lib/code/extensions/typescript-language-features/dist/extension.js:1:76778)
	at dispatchResponse (/usr/lib/code/extensions/typescript-language-features/dist/extension.js:1:70653)
	at dispatchMessage (/usr/lib/code/extensions/typescript-language-features/dist/extension.js:1:69512)
	at /usr/lib/code/extensions/typescript-language-features/dist/extension.js:1:69022
	at l.fire (/usr/lib/code/out/vs/workbench/services/extensions/node/extensionHostProcess.js:46:801)
	at g.onLengthData (/usr/lib/code/extensions/typescript-language-features/dist/extension.js:45:60018)
	at Socket.<anonymous> (/usr/lib/code/extensions/typescript-language-features/dist/extension.js:45:59666)
	at Socket.emit (events.js:223:5)
	at addChunk (_stream_readable.js:309:12)
	at readableAddChunk (_stream_readable.js:290:11)
	at Socket.Readable.push (_stream_readable.js:224:10)
	at Pipe.onStreamRead (internal/stream_base_commons.js:181:23)
[2021-01-05 14:18:45.319] [exthost] [info] ExtensionService#_doActivateExtension vscode.extension-editing {"startup":false,"extensionId":{"value":"vscode.extension-editing","_lower":"vscode.extension-editing"},"activationEvent":"onLanguage:typescript"}
[2021-01-05 14:18:45.320] [exthost] [info] ExtensionService#loadCommonJSModule file:///usr/lib/code/extensions/extension-editing/dist/extensionEditingMain
[2021-01-05 14:18:55.784] [exthost] [info] ExtensionService#_doActivateExtension vscode.css-language-features {"startup":false,"extensionId":{"value":"vscode.css-language-features","_lower":"vscode.css-language-features"},"activationEvent":"onLanguage:css"}
[2021-01-05 14:18:55.784] [exthost] [info] ExtensionService#loadCommonJSModule file:///usr/lib/code/extensions/css-language-features/client/dist/node/cssClientMain
