[2021-01-05 14:13:22.043] [renderer1] [error] [File Watcher (node.js)] Error: ENOENT: no such file or directory, stat '/home/luckytuvshee/programming/tutorials/jimp-example/.vscode'
[2021-01-05 14:18:37.203] [renderer1] [error] <semantic> TypeScript Server Error (4.1.2)
Debug Failure. False expression.
Error: Debug Failure. False expression.
    at /usr/lib/code/extensions/node_modules/typescript/lib/tsserver.js:128621:34
    at Object.forEach (/usr/lib/code/extensions/node_modules/typescript/lib/tsserver.js:188:30)
    at getSymbolKindOfConstructorPropertyMethodAccessorFunctionOrVar (/usr/lib/code/extensions/node_modules/typescript/lib/tsserver.js:128615:48)
    at Object.getSymbolKind (/usr/lib/code/extensions/node_modules/typescript/lib/tsserver.js:128545:26)
    at createCompletionEntry (/usr/lib/code/extensions/node_modules/typescript/lib/tsserver.js:118152:40)
    at getCompletionEntriesFromSymbols (/usr/lib/code/extensions/node_modules/typescript/lib/tsserver.js:118199:29)
    at completionInfoFromData (/usr/lib/code/extensions/node_modules/typescript/lib/tsserver.js:118023:35)
    at Object.getCompletionsAtPosition (/usr/lib/code/extensions/node_modules/typescript/lib/tsserver.js:117981:28)
    at Proxy.getCompletionsAtPosition (/usr/lib/code/extensions/node_modules/typescript/lib/tsserver.js:146718:35)
    at IOSession.Session.getCompletions (/usr/lib/code/extensions/node_modules/typescript/lib/tsserver.js:157642:64)
    at Session.handlers.ts.Map.ts.getEntries._a.<computed> (/usr/lib/code/extensions/node_modules/typescript/lib/tsserver.js:156526:61)
    at /usr/lib/code/extensions/node_modules/typescript/lib/tsserver.js:158276:88
    at IOSession.Session.executeWithRequestId (/usr/lib/code/extensions/node_modules/typescript/lib/tsserver.js:158267:28)
    at IOSession.Session.executeCommand (/usr/lib/code/extensions/node_modules/typescript/lib/tsserver.js:158276:33)
    at IOSession.Session.onMessage (/usr/lib/code/extensions/node_modules/typescript/lib/tsserver.js:158300:35)
    at Interface.<anonymous> (/usr/lib/code/extensions/node_modules/typescript/lib/tsserver.js:160510:27)
    at Interface.emit (events.js:223:5)
    at Interface._onLine (readline.js:315:10)
    at Interface._normalWrite (readline.js:460:12)
    at Socket.ondata (readline.js:172:10)
    at Socket.emit (events.js:223:5)
    at addChunk (_stream_readable.js:309:12)
    at readableAddChunk (_stream_readable.js:290:11)
    at Socket.Readable.push (_stream_readable.js:224:10)
    at Pipe.onStreamRead (internal/stream_base_commons.js:181:23): Error: <semantic> TypeScript Server Error (4.1.2)
Debug Failure. False expression.
Error: Debug Failure. False expression.
    at /usr/lib/code/extensions/node_modules/typescript/lib/tsserver.js:128621:34
    at Object.forEach (/usr/lib/code/extensions/node_modules/typescript/lib/tsserver.js:188:30)
    at getSymbolKindOfConstructorPropertyMethodAccessorFunctionOrVar (/usr/lib/code/extensions/node_modules/typescript/lib/tsserver.js:128615:48)
    at Object.getSymbolKind (/usr/lib/code/extensions/node_modules/typescript/lib/tsserver.js:128545:26)
    at createCompletionEntry (/usr/lib/code/extensions/node_modules/typescript/lib/tsserver.js:118152:40)
    at getCompletionEntriesFromSymbols (/usr/lib/code/extensions/node_modules/typescript/lib/tsserver.js:118199:29)
    at completionInfoFromData (/usr/lib/code/extensions/node_modules/typescript/lib/tsserver.js:118023:35)
    at Object.getCompletionsAtPosition (/usr/lib/code/extensions/node_modules/typescript/lib/tsserver.js:117981:28)
    at Proxy.getCompletionsAtPosition (/usr/lib/code/extensions/node_modules/typescript/lib/tsserver.js:146718:35)
    at IOSession.Session.getCompletions (/usr/lib/code/extensions/node_modules/typescript/lib/tsserver.js:157642:64)
    at Session.handlers.ts.Map.ts.getEntries._a.<computed> (/usr/lib/code/extensions/node_modules/typescript/lib/tsserver.js:156526:61)
    at /usr/lib/code/extensions/node_modules/typescript/lib/tsserver.js:158276:88
    at IOSession.Session.executeWithRequestId (/usr/lib/code/extensions/node_modules/typescript/lib/tsserver.js:158267:28)
    at IOSession.Session.executeCommand (/usr/lib/code/extensions/node_modules/typescript/lib/tsserver.js:158276:33)
    at IOSession.Session.onMessage (/usr/lib/code/extensions/node_modules/typescript/lib/tsserver.js:158300:35)
    at Interface.<anonymous> (/usr/lib/code/extensions/node_modules/typescript/lib/tsserver.js:160510:27)
    at Interface.emit (events.js:223:5)
    at Interface._onLine (readline.js:315:10)
    at Interface._normalWrite (readline.js:460:12)
    at Socket.ondata (readline.js:172:10)
    at Socket.emit (events.js:223:5)
    at addChunk (_stream_readable.js:309:12)
    at readableAddChunk (_stream_readable.js:290:11)
    at Socket.Readable.push (_stream_readable.js:224:10)
    at Pipe.onStreamRead (internal/stream_base_commons.js:181:23)
	at Function.create (/usr/lib/code/extensions/typescript-language-features/dist/extension.js:1:76778)
	at dispatchResponse (/usr/lib/code/extensions/typescript-language-features/dist/extension.js:1:70653)
	at dispatchMessage (/usr/lib/code/extensions/typescript-language-features/dist/extension.js:1:69512)
	at /usr/lib/code/extensions/typescript-language-features/dist/extension.js:1:69022
	at l.fire (/usr/lib/code/out/vs/workbench/services/extensions/node/extensionHostProcess.js:46:801)
	at g.onLengthData (/usr/lib/code/extensions/typescript-language-features/dist/extension.js:45:60018)
	at Socket.<anonymous> (/usr/lib/code/extensions/typescript-language-features/dist/extension.js:45:59666)
	at Socket.emit (events.js:223:5)
	at addChunk (_stream_readable.js:309:12)
	at readableAddChunk (_stream_readable.js:290:11)
	at Socket.Readable.push (_stream_readable.js:224:10)
	at Pipe.onStreamRead (internal/stream_base_commons.js:181:23)
